# JRE version: Java(TM) SE Runtime Environment (8.0_20-b26) (build 1.8.0_20-b26)
# Java VM: Java HotSpot(TM) 64-Bit Server VM (25.20-b23 mixed mode windows-amd64 compressed oops)
Heap:
 PSYoungGen      total 31232K, used 15597K [0x00000000d5b00000, 0x00000000d8b00000, 0x0000000100000000)
  eden space 29696K, 48% used [0x00000000d5b00000,0x00000000d691b7d8,0x00000000d7800000)
  from space 1536K, 75% used [0x00000000d7880000,0x00000000d79a0000,0x00000000d7a00000)
  to   space 9728K, 0% used [0x00000000d8180000,0x00000000d8180000,0x00000000d8b00000)
 ParOldGen       total 87552K, used 10472K [0x0000000081000000, 0x0000000086580000, 0x00000000d5b00000)
  object space 87552K, 11% used [0x0000000081000000,0x0000000081a3a120,0x0000000086580000)
 Metaspace       used 13966K, capacity 14184K, committed 14464K, reserved 1062912K
  class space    used 1494K, capacity 1576K, committed 1664K, reserved 1048576K
GC Heap History (10 events):
Event: 562.030 GC heap before
{Heap before GC invocations=7 (full 0):
 PSYoungGen      total 39936K, used 38009K [0x00000000d5b00000, 0x00000000d8a80000, 0x0000000100000000)
  eden space 32256K, 100% used [0x00000000d5b00000,0x00000000d7a80000,0x00000000d7a80000)
  from space 7680K, 74% used [0x00000000d8300000,0x00000000d889e640,0x00000000d8a80000)
  to   space 8192K, 0% used [0x00000000d7a80000,0x00000000d7a80000,0x00000000d8280000)
 ParOldGen       total 87552K, used 5934K [0x0000000081000000, 0x0000000086580000, 0x00000000d5b00000)
  object space 87552K, 6% used [0x0000000081000000,0x00000000815cb890,0x0000000086580000)
 Metaspace       used 13939K, capacity 14184K, committed 14464K, reserved 1062912K
  class space    used 1494K, capacity 1576K, committed 1664K, reserved 1048576K
Event: 562.038 GC heap after
Heap after GC invocations=7 (full 0):
 PSYoungGen      total 39936K, used 1024K [0x00000000d5b00000, 0x00000000d8b00000, 0x0000000100000000)
  eden space 31744K, 0% used [0x00000000d5b00000,0x00000000d5b00000,0x00000000d7a00000)
  from space 8192K, 12% used [0x00000000d7a80000,0x00000000d7b80000,0x00000000d8280000)
  to   space 8704K, 0% used [0x00000000d8280000,0x00000000d8280000,0x00000000d8b00000)
 ParOldGen       total 87552K, used 10340K [0x0000000081000000, 0x0000000086580000, 0x00000000d5b00000)
  object space 87552K, 11% used [0x0000000081000000,0x0000000081a19110,0x0000000086580000)
 Metaspace       used 13939K, capacity 14184K, committed 14464K, reserved 1062912K
  class space    used 1494K, capacity 1576K, committed 1664K, reserved 1048576K
}
Event: 626.828 GC heap before
{Heap before GC invocations=8 (full 0):
 PSYoungGen      total 39936K, used 32768K [0x00000000d5b00000, 0x00000000d8b00000, 0x0000000100000000)
  eden space 31744K, 100% used [0x00000000d5b00000,0x00000000d7a00000,0x00000000d7a00000)
  from space 8192K, 12% used [0x00000000d7a80000,0x00000000d7b80000,0x00000000d8280000)
  to   space 8704K, 0% used [0x00000000d8280000,0x00000000d8280000,0x00000000d8b00000)
 ParOldGen       total 87552K, used 10340K [0x0000000081000000, 0x0000000086580000, 0x00000000d5b00000)
  object space 87552K, 11% used [0x0000000081000000,0x0000000081a19110,0x0000000086580000)
 Metaspace       used 13944K, capacity 14184K, committed 14464K, reserved 1062912K
  class space    used 1494K, capacity 1576K, committed 1664K, reserved 1048576K
Event: 626.831 GC heap after
Heap after GC invocations=8 (full 0):
 PSYoungGen      total 39936K, used 1056K [0x00000000d5b00000, 0x00000000d8b80000, 0x0000000100000000)
  eden space 31232K, 0% used [0x00000000d5b00000,0x00000000d5b00000,0x00000000d7980000)
  from space 8704K, 12% used [0x00000000d8280000,0x00000000d8388000,0x00000000d8b00000)
  to   space 9216K, 0% used [0x00000000d7980000,0x00000000d7980000,0x00000000d8280000)
 ParOldGen       total 87552K, used 10380K [0x0000000081000000, 0x0000000086580000, 0x00000000d5b00000)
  object space 87552K, 11% used [0x0000000081000000,0x0000000081a23110,0x0000000086580000)
 Metaspace       used 13944K, capacity 14184K, committed 14464K, reserved 1062912K
  class space    used 1494K, capacity 1576K, committed 1664K, reserved 1048576K
}
Event: 689.993 GC heap before
{Heap before GC invocations=9 (full 0):
 PSYoungGen      total 39936K, used 32288K [0x00000000d5b00000, 0x00000000d8b80000, 0x0000000100000000)
  eden space 31232K, 100% used [0x00000000d5b00000,0x00000000d7980000,0x00000000d7980000)
  from space 8704K, 12% used [0x00000000d8280000,0x00000000d8388000,0x00000000d8b00000)
  to   space 9216K, 0% used [0x00000000d7980000,0x00000000d7980000,0x00000000d8280000)
 ParOldGen       total 87552K, used 10380K [0x0000000081000000, 0x0000000086580000, 0x00000000d5b00000)
  object space 87552K, 11% used [0x0000000081000000,0x0000000081a23110,0x0000000086580000)
 Metaspace       used 13945K, capacity 14184K, committed 14464K, reserved 1062912K
  class space    used 1494K, capacity 1576K, committed 1664K, reserved 1048576K
Event: 689.996 GC heap after
Heap after GC invocations=9 (full 0):
 PSYoungGen      total 39936K, used 1056K [0x00000000d5b00000, 0x00000000d8c00000, 0x0000000100000000)
  eden space 30720K, 0% used [0x00000000d5b00000,0x00000000d5b00000,0x00000000d7900000)
  from space 9216K, 11% used [0x00000000d7980000,0x00000000d7a88000,0x00000000d8280000)
  to   space 9728K, 0% used [0x00000000d8280000,0x00000000d8280000,0x00000000d8c00000)
 ParOldGen       total 87552K, used 10412K [0x0000000081000000, 0x0000000086580000, 0x00000000d5b00000)
  object space 87552K, 11% used [0x0000000081000000,0x0000000081a2b110,0x0000000086580000)
 Metaspace       used 13945K, capacity 14184K, committed 14464K, reserved 1062912K
  class space    used 1494K, capacity 1576K, committed 1664K, reserved 1048576K
}
Event: 751.763 GC heap before
{Heap before GC invocations=10 (full 0):
 PSYoungGen      total 39936K, used 31776K [0x00000000d5b00000, 0x00000000d8c00000, 0x0000000100000000)
  eden space 30720K, 100% used [0x00000000d5b00000,0x00000000d7900000,0x00000000d7900000)
  from space 9216K, 11% used [0x00000000d7980000,0x00000000d7a88000,0x00000000d8280000)
  to   space 9728K, 0% used [0x00000000d8280000,0x00000000d8280000,0x00000000d8c00000)
 ParOldGen       total 87552K, used 10412K [0x0000000081000000, 0x0000000086580000, 0x00000000d5b00000)
  object space 87552K, 11% used [0x0000000081000000,0x0000000081a2b110,0x0000000086580000)
 Metaspace       used 13947K, capacity 14184K, committed 14464K, reserved 1062912K
  class space    used 1494K, capacity 1576K, committed 1664K, reserved 1048576K
Event: 751.768 GC heap after
Heap after GC invocations=10 (full 0):
 PSYoungGen      total 39424K, used 1120K [0x00000000d5b00000, 0x00000000d8b80000, 0x0000000100000000)
  eden space 30208K, 0% used [0x00000000d5b00000,0x00000000d5b00000,0x00000000d7880000)
  from space 9216K, 12% used [0x00000000d8280000,0x00000000d8398000,0x00000000d8b80000)
  to   space 9728K, 0% used [0x00000000d7880000,0x00000000d7880000,0x00000000d8200000)
 ParOldGen       total 87552K, used 10444K [0x0000000081000000, 0x0000000086580000, 0x00000000d5b00000)
  object space 87552K, 11% used [0x0000000081000000,0x0000000081a33110,0x0000000086580000)
 Metaspace       used 13947K, capacity 14184K, committed 14464K, reserved 1062912K
  class space    used 1494K, capacity 1576K, committed 1664K, reserved 1048576K
}
Event: 811.523 GC heap before
{Heap before GC invocations=11 (full 0):
 PSYoungGen      total 39424K, used 31328K [0x00000000d5b00000, 0x00000000d8b80000, 0x0000000100000000)
  eden space 30208K, 100% used [0x00000000d5b00000,0x00000000d7880000,0x00000000d7880000)
  from space 9216K, 12% used [0x00000000d8280000,0x00000000d8398000,0x00000000d8b80000)
  to   space 9728K, 0% used [0x00000000d7880000,0x00000000d7880000,0x00000000d8200000)
 ParOldGen       total 87552K, used 10444K [0x0000000081000000, 0x0000000086580000, 0x00000000d5b00000)
  object space 87552K, 11% used [0x0000000081000000,0x0000000081a33110,0x0000000086580000)
 Metaspace       used 13947K, capacity 14184K, committed 14464K, reserved 1062912K
  class space    used 1494K, capacity 1576K, committed 1664K, reserved 1048576K
Event: 811.525 GC heap after
Heap after GC invocations=11 (full 0):
 PSYoungGen      total 31232K, used 1152K [0x00000000d5b00000, 0x00000000d8b00000, 0x0000000100000000)
  eden space 29696K, 0% used [0x00000000d5b00000,0x00000000d5b00000,0x00000000d7800000)
  from space 1536K, 75% used [0x00000000d7880000,0x00000000d79a0000,0x00000000d7a00000)
  to   space 9728K, 0% used [0x00000000d8180000,0x00000000d8180000,0x00000000d8b00000)
 ParOldGen       total 87552K, used 10472K [0x0000000081000000, 0x0000000086580000, 0x00000000d5b00000)
  object space 87552K, 11% used [0x0000000081000000,0x0000000081a3a120,0x0000000086580000)
 Metaspace       used 13947K, capacity 14184K, committed 14464K, reserved 1062912K
  class space    used 1494K, capacity 1576K, committed 1664K, reserved 1048576K
}

